C:\DATA\MYPROJECTS\DVS\PARTNERS\CISCO\VSM7INTEGRATION\CODE_N_DOC\IBM\DSFILTER\CISCO SOURCE FILTER\PUSHSOURCE\RELEASE\.NETFRAMEWORK,VERSION=V4.0.ASSEMBLYATTRIBUTES.OBJ
C:\DATA\MYPROJECTS\DVS\PARTNERS\CISCO\VSM7INTEGRATION\CODE_N_DOC\IBM\DSFILTER\CISCO SOURCE FILTER\PUSHSOURCE\RELEASE\CISCOSOURCE.PCH
C:\Data\MyProjects\DVS\Partners\Cisco\VSM7Integration\Code_n_Doc\ibm\DSFilter\Cisco Source Filter\PushSource\Release\CiscoSource.write.1.tlog
C:\Data\MyProjects\DVS\Partners\Cisco\VSM7Integration\Code_n_Doc\ibm\DSFilter\Cisco Source Filter\PushSource\Release\cl.command.1.tlog
C:\Data\MyProjects\DVS\Partners\Cisco\VSM7Integration\Code_n_Doc\ibm\DSFilter\Cisco Source Filter\PushSource\Release\CL.read.1.tlog
C:\Data\MyProjects\DVS\Partners\Cisco\VSM7Integration\Code_n_Doc\ibm\DSFilter\Cisco Source Filter\PushSource\Release\CL.write.1.tlog
C:\Data\MyProjects\DVS\Partners\Cisco\VSM7Integration\Code_n_Doc\ibm\DSFilter\Cisco Source Filter\PushSource\Release\link.command.1.tlog
C:\Data\MyProjects\DVS\Partners\Cisco\VSM7Integration\Code_n_Doc\ibm\DSFilter\Cisco Source Filter\PushSource\Release\link.read.1.tlog
C:\Data\MyProjects\DVS\Partners\Cisco\VSM7Integration\Code_n_Doc\ibm\DSFilter\Cisco Source Filter\PushSource\Release\link.write.1.tlog
C:\Data\MyProjects\DVS\Partners\Cisco\VSM7Integration\Code_n_Doc\ibm\DSFilter\Cisco Source Filter\PushSource\Release\link-cvtres.read.1.tlog
C:\Data\MyProjects\DVS\Partners\Cisco\VSM7Integration\Code_n_Doc\ibm\DSFilter\Cisco Source Filter\PushSource\Release\link-cvtres.write.1.tlog
C:\Data\MyProjects\DVS\Partners\Cisco\VSM7Integration\Code_n_Doc\ibm\DSFilter\Cisco Source Filter\PushSource\Release\link-rc.read.1.tlog
C:\Data\MyProjects\DVS\Partners\Cisco\VSM7Integration\Code_n_Doc\ibm\DSFilter\Cisco Source Filter\PushSource\Release\link-rc.write.1.tlog
C:\DATA\MYPROJECTS\DVS\PARTNERS\CISCO\VSM7INTEGRATION\CODE_N_DOC\IBM\DSFILTER\CISCO SOURCE FILTER\PUSHSOURCE\RELEASE\LOGGER.OBJ
C:\Data\MyProjects\DVS\Partners\Cisco\VSM7Integration\Code_n_Doc\ibm\DSFilter\Cisco Source Filter\PushSource\Release\metagen.read.1.tlog
C:\DATA\MYPROJECTS\DVS\PARTNERS\CISCO\VSM7INTEGRATION\CODE_N_DOC\IBM\DSFILTER\CISCO SOURCE FILTER\PUSHSOURCE\RELEASE\PUSHPINCISCO.OBJ
C:\DATA\MYPROJECTS\DVS\PARTNERS\CISCO\VSM7INTEGRATION\CODE_N_DOC\IBM\DSFILTER\CISCO SOURCE FILTER\PUSHSOURCE\RELEASE\PUSHSOURCE.RES
C:\Data\MyProjects\DVS\Partners\Cisco\VSM7Integration\Code_n_Doc\ibm\DSFilter\Cisco Source Filter\PushSource\Release\pushsource.vcxprojResolveAssemblyReference.cache
C:\DATA\MYPROJECTS\DVS\PARTNERS\CISCO\VSM7INTEGRATION\CODE_N_DOC\IBM\DSFILTER\CISCO SOURCE FILTER\PUSHSOURCE\RELEASE\PUSHSOURCECISCO.OBJ
C:\Data\MyProjects\DVS\Partners\Cisco\VSM7Integration\Code_n_Doc\ibm\DSFilter\Cisco Source Filter\PushSource\Release\rc.command.1.tlog
C:\Data\MyProjects\DVS\Partners\Cisco\VSM7Integration\Code_n_Doc\ibm\DSFilter\Cisco Source Filter\PushSource\Release\rc.read.1.tlog
C:\Data\MyProjects\DVS\Partners\Cisco\VSM7Integration\Code_n_Doc\ibm\DSFilter\Cisco Source Filter\PushSource\Release\rc.write.1.tlog
C:\DATA\MYPROJECTS\DVS\PARTNERS\CISCO\VSM7INTEGRATION\CODE_N_DOC\IBM\DSFILTER\CISCO SOURCE FILTER\PUSHSOURCE\RELEASE\SETUP.OBJ
C:\DATA\MYPROJECTS\DVS\PARTNERS\CISCO\VSM7INTEGRATION\CODE_N_DOC\IBM\DSFILTER\CISCO SOURCE FILTER\PUSHSOURCE\RELEASE\TRANSPORTURL.OBJ
C:\DATA\MYPROJECTS\DVS\PARTNERS\CISCO\VSM7INTEGRATION\CODE_N_DOC\IBM\DSFILTER\CISCO SOURCE FILTER\PUSHSOURCE\RELEASE\VC110.PDB
C:\DATA\MYPROJECTS\DVS\PARTNERS\CISCO\VSM7INTEGRATION\CODE_N_DOC\IBM\DSFILTER\RELEASE\CISCOSOURCE.AX
C:\Data\MyProjects\DVS\Partners\Cisco\VSM7Integration\Code_n_Doc\ibm\DSFilter\Release\CiscoSource.exp
C:\Data\MyProjects\DVS\Partners\Cisco\VSM7Integration\Code_n_Doc\ibm\DSFilter\Release\CiscoSource.lib
C:\DATA\MYPROJECTS\DVS\PARTNERS\CISCO\VSM7INTEGRATION\CODE_N_DOC\IBM\DSFILTER\RELEASE\CISCOSOURCE.PDB
C:\Data\MyProjects\DVS\Partners\Cisco\VSM7Integration\Code_n_Doc\ibm\DSFilter\Release\HelperLib.dll
C:\Data\MyProjects\DVS\Partners\Cisco\VSM7Integration\Code_n_Doc\ibm\DSFilter\Release\HelperLib.pdb
C:\Data\MyProjects\DVS\Partners\Cisco\VSM7Integration\Code_n_Doc\ibm\DSFilter\Release\log4net.dll
C:\Data\MyProjects\DVS\Partners\Cisco\VSM7Integration\Code_n_Doc\ibm\DSFilter\Release\VSOMWebService.dll
C:\Data\MyProjects\DVS\Partners\Cisco\VSM7Integration\Code_n_Doc\ibm\DSFilter\Release\VSOMWebService.XmlSerializers.dll
