C:\Data\MyProjects\DVS\Partners\Cisco\VSM7Integration\Code_n_Doc\ibm\DSFilter\Debug\HelperLib.dll
C:\Data\MyProjects\DVS\Partners\Cisco\VSM7Integration\Code_n_Doc\ibm\DSFilter\Debug\log4net.dll
C:\Data\MyProjects\DVS\Partners\Cisco\VSM7Integration\Code_n_Doc\ibm\DSFilter\Debug\VSOMWebService.dll
C:\Data\MyProjects\DVS\Partners\Cisco\VSM7Integration\Code_n_Doc\ibm\DSFilter\Debug\HelperLib.pdb
C:\Data\MyProjects\DVS\Partners\Cisco\VSM7Integration\Code_n_Doc\ibm\DSFilter\Debug\VSOMWebService.XmlSerializers.dll
C:\Data\MyProjects\DVS\Partners\Cisco\VSM7Integration\Code_n_Doc\ibm\DSFilter\Debug\CiscoSource.lib
C:\Data\MyProjects\DVS\Partners\Cisco\VSM7Integration\Code_n_Doc\ibm\DSFilter\Debug\CiscoSource.exp
C:\DATA\MYPROJECTS\DVS\PARTNERS\CISCO\VSM7INTEGRATION\CODE_N_DOC\IBM\DSFILTER\CISCO SOURCE FILTER\PUSHSOURCE\DEBUG\CISCOSOURCE.PCH
C:\DATA\MYPROJECTS\DVS\PARTNERS\CISCO\VSM7INTEGRATION\CODE_N_DOC\IBM\DSFILTER\CISCO SOURCE FILTER\PUSHSOURCE\DEBUG\PUSHPINCISCO.OBJ
C:\DATA\MYPROJECTS\DVS\PARTNERS\CISCO\VSM7INTEGRATION\CODE_N_DOC\IBM\DSFILTER\CISCO SOURCE FILTER\PUSHSOURCE\DEBUG\PUSHSOURCECISCO.OBJ
C:\DATA\MYPROJECTS\DVS\PARTNERS\CISCO\VSM7INTEGRATION\CODE_N_DOC\IBM\DSFILTER\CISCO SOURCE FILTER\PUSHSOURCE\DEBUG\SETUP.OBJ
C:\DATA\MYPROJECTS\DVS\PARTNERS\CISCO\VSM7INTEGRATION\CODE_N_DOC\IBM\DSFILTER\CISCO SOURCE FILTER\PUSHSOURCE\DEBUG\LOGGER.OBJ
C:\DATA\MYPROJECTS\DVS\PARTNERS\CISCO\VSM7INTEGRATION\CODE_N_DOC\IBM\DSFILTER\CISCO SOURCE FILTER\PUSHSOURCE\DEBUG\TRANSPORTURL.OBJ
C:\DATA\MYPROJECTS\DVS\PARTNERS\CISCO\VSM7INTEGRATION\CODE_N_DOC\IBM\DSFILTER\CISCO SOURCE FILTER\PUSHSOURCE\DEBUG\VC110.PDB
C:\DATA\MYPROJECTS\DVS\PARTNERS\CISCO\VSM7INTEGRATION\CODE_N_DOC\IBM\DSFILTER\CISCO SOURCE FILTER\PUSHSOURCE\DEBUG\.NETFRAMEWORK,VERSION=V4.0.ASSEMBLYATTRIBUTES.OBJ
C:\DATA\MYPROJECTS\DVS\PARTNERS\CISCO\VSM7INTEGRATION\CODE_N_DOC\IBM\DSFILTER\DEBUG\CISCOSOURCE.ILK
C:\DATA\MYPROJECTS\DVS\PARTNERS\CISCO\VSM7INTEGRATION\CODE_N_DOC\IBM\DSFILTER\DEBUG\CISCOSOURCE.AX
C:\DATA\MYPROJECTS\DVS\PARTNERS\CISCO\VSM7INTEGRATION\CODE_N_DOC\IBM\DSFILTER\DEBUG\CISCOSOURCE.PDB
C:\DATA\MYPROJECTS\DVS\PARTNERS\CISCO\VSM7INTEGRATION\CODE_N_DOC\IBM\DSFILTER\CISCO SOURCE FILTER\PUSHSOURCE\DEBUG\METAGEN.WRITE.1.TLOG
C:\DATA\MYPROJECTS\DVS\PARTNERS\CISCO\VSM7INTEGRATION\CODE_N_DOC\IBM\DSFILTER\CISCO SOURCE FILTER\PUSHSOURCE\DEBUG\PUSHSOURCE.RES
C:\Data\MyProjects\DVS\Partners\Cisco\VSM7Integration\Code_n_Doc\ibm\DSFilter\Cisco Source Filter\PushSource\Debug\pushsource.vcxprojResolveAssemblyReference.cache
C:\Data\MyProjects\DVS\Partners\Cisco\VSM7Integration\Code_n_Doc\ibm\DSFilter\Cisco Source Filter\PushSource\Debug\.NETFramework,Version=v4.0.AssemblyAttributes.obj
C:\Data\MyProjects\DVS\Partners\Cisco\VSM7Integration\Code_n_Doc\ibm\DSFilter\Cisco Source Filter\PushSource\Debug\Logger.obj
C:\Data\MyProjects\DVS\Partners\Cisco\VSM7Integration\Code_n_Doc\ibm\DSFilter\Cisco Source Filter\PushSource\Debug\PushPinCisco.obj
C:\Data\MyProjects\DVS\Partners\Cisco\VSM7Integration\Code_n_Doc\ibm\DSFilter\Cisco Source Filter\PushSource\Debug\PushSourceCisco.obj
C:\Data\MyProjects\DVS\Partners\Cisco\VSM7Integration\Code_n_Doc\ibm\DSFilter\Cisco Source Filter\PushSource\Debug\setup.obj
C:\Data\MyProjects\DVS\Partners\Cisco\VSM7Integration\Code_n_Doc\ibm\DSFilter\Cisco Source Filter\PushSource\Debug\TransportUrl.obj
C:\Data\MyProjects\DVS\Partners\Cisco\VSM7Integration\Code_n_Doc\ibm\DSFilter\Cisco Source Filter\PushSource\Debug\CiscoSource.write.1.tlog
C:\Data\MyProjects\DVS\Partners\Cisco\VSM7Integration\Code_n_Doc\ibm\DSFilter\Cisco Source Filter\PushSource\Debug\cl.command.1.tlog
C:\Data\MyProjects\DVS\Partners\Cisco\VSM7Integration\Code_n_Doc\ibm\DSFilter\Cisco Source Filter\PushSource\Debug\CL.read.1.tlog
C:\Data\MyProjects\DVS\Partners\Cisco\VSM7Integration\Code_n_Doc\ibm\DSFilter\Cisco Source Filter\PushSource\Debug\CL.write.1.tlog
C:\Data\MyProjects\DVS\Partners\Cisco\VSM7Integration\Code_n_Doc\ibm\DSFilter\Cisco Source Filter\PushSource\Debug\link.9328-cvtres.read.1.tlog
C:\Data\MyProjects\DVS\Partners\Cisco\VSM7Integration\Code_n_Doc\ibm\DSFilter\Cisco Source Filter\PushSource\Debug\link.9328-cvtres.write.1.tlog
C:\Data\MyProjects\DVS\Partners\Cisco\VSM7Integration\Code_n_Doc\ibm\DSFilter\Cisco Source Filter\PushSource\Debug\link.9328-rc.read.1.tlog
C:\Data\MyProjects\DVS\Partners\Cisco\VSM7Integration\Code_n_Doc\ibm\DSFilter\Cisco Source Filter\PushSource\Debug\link.9328-rc.write.1.tlog
C:\Data\MyProjects\DVS\Partners\Cisco\VSM7Integration\Code_n_Doc\ibm\DSFilter\Cisco Source Filter\PushSource\Debug\link.9328.read.1.tlog
C:\Data\MyProjects\DVS\Partners\Cisco\VSM7Integration\Code_n_Doc\ibm\DSFilter\Cisco Source Filter\PushSource\Debug\link.9328.write.1.tlog
C:\Data\MyProjects\DVS\Partners\Cisco\VSM7Integration\Code_n_Doc\ibm\DSFilter\Cisco Source Filter\PushSource\Debug\link.command.1.tlog
C:\Data\MyProjects\DVS\Partners\Cisco\VSM7Integration\Code_n_Doc\ibm\DSFilter\Cisco Source Filter\PushSource\Debug\link.read.1.tlog
C:\Data\MyProjects\DVS\Partners\Cisco\VSM7Integration\Code_n_Doc\ibm\DSFilter\Cisco Source Filter\PushSource\Debug\link.write.1.tlog
C:\Data\MyProjects\DVS\Partners\Cisco\VSM7Integration\Code_n_Doc\ibm\DSFilter\Cisco Source Filter\PushSource\Debug\metagen.read.1.tlog
C:\Data\MyProjects\DVS\Partners\Cisco\VSM7Integration\Code_n_Doc\ibm\DSFilter\Cisco Source Filter\PushSource\Debug\metagen.write.1.tlog
C:\Data\MyProjects\DVS\Partners\Cisco\VSM7Integration\Code_n_Doc\ibm\DSFilter\Cisco Source Filter\PushSource\Debug\rc.command.1.tlog
C:\Data\MyProjects\DVS\Partners\Cisco\VSM7Integration\Code_n_Doc\ibm\DSFilter\Cisco Source Filter\PushSource\Debug\rc.read.1.tlog
C:\Data\MyProjects\DVS\Partners\Cisco\VSM7Integration\Code_n_Doc\ibm\DSFilter\Cisco Source Filter\PushSource\Debug\rc.write.1.tlog
C:\Data\MyProjects\DVS\Partners\Cisco\VSM7Integration\Code_n_Doc\ibm\DSFilter\Cisco Source Filter\PushSource\Debug\PushSource.res
C:\Data\MyProjects\DVS\Partners\Cisco\VSM7Integration\Code_n_Doc\ibm\DSFilter\Cisco Source Filter\PushSource\Debug\CiscoSource.pch
C:\Data\MyProjects\DVS\Partners\Cisco\VSM7Integration\Code_n_Doc\ibm\DSFilter\Cisco Source Filter\PushSource\Debug\vc110.pdb
C:\Data\MyProjects\DVS\Partners\Cisco\VSM7Integration\Code_n_Doc\ibm\DSFilter\Cisco Source Filter\PushSource\Debug\HELPERLIB.DLL.metagen
C:\Data\MyProjects\DVS\Partners\Cisco\VSM7Integration\Code_n_Doc\ibm\DSFilter\Cisco Source Filter\PushSource\Debug\LOG4NET.DLL.metagen
C:\Data\MyProjects\DVS\Partners\Cisco\VSM7Integration\Code_n_Doc\ibm\DSFilter\Cisco Source Filter\PushSource\Debug\VSOMWEBSERVICE.DLL.metagen
C:\Data\MyProjects\DVS\Partners\Cisco\VSM7Integration\Code_n_Doc\ibm\DSFilter\Cisco Source Filter\PushSource\Debug\RSAENH.DLL.bi
C:\Data\MyProjects\DVS\Partners\Cisco\VSM7Integration\Code_n_Doc\ibm\DSFilter\Cisco Source Filter\PushSource\Debug\TZRES.DLL.bi
C:\Data\MyProjects\DVS\Partners\Cisco\VSM7Integration\Code_n_Doc\ibm\DSFilter\Debug\CiscoSource.pdb
C:\Data\MyProjects\DVS\Partners\Cisco\VSM7Integration\Code_n_Doc\ibm\DSFilter\Debug\CiscoSource.ax
C:\Data\MyProjects\DVS\Partners\Cisco\VSM7Integration\Code_n_Doc\ibm\DSFilter\Debug\CiscoSource.ilk
